<?xml version="1.0" encoding="UTF-8"?>
<!-- Generated by org.testng.reporters.JUnitReportReporter -->
<testsuite skipped="0" hostname="DT00502" name="NewTest" tests="1" failures="0" timestamp="17 May 2018 07:37:16 GMT" time="48.071" errors="0">
  <testcase name="test" time="48.071" classname="NewTest"/>
</testsuite> <!-- NewTest -->
